[15:17:46 1/8/2022]  Monitored: yahoo invalid dns -> Url: yahoo.com; Protocol: DNS; Working : KO; Ping: 1.4 ms
[15:17:49 1/8/2022]  Monitored: yahoo invalid dns -> Url: yahoo.com; Protocol: DNS; Working : KO; Ping: 1.6 ms
[15:17:52 1/8/2022]  Monitored: yahoo invalid dns -> Url: yahoo.com; Protocol: DNS; Working : KO; Ping: 1.5 ms
[15:17:55 1/8/2022]  Monitored: yahoo invalid dns -> Url: yahoo.com; Protocol: DNS; Working : KO; Ping: 1.2 ms
[15:17:58 1/8/2022]  Monitored: yahoo invalid dns -> Url: yahoo.com; Protocol: DNS; Working : KO; Ping: 2.5 ms
[15:18:1 1/8/2022]  Monitored: yahoo invalid dns -> Url: yahoo.com; Protocol: DNS; Working : KO; Ping: 1.1 ms
[15:18:52 1/8/2022]  Monitored: yahoo invalid dns -> Url: yahoo.com; Protocol: DNS; Working : KO; Ping: 1.6 ms
[15:18:55 1/8/2022]  Monitored: yahoo invalid dns -> Url: yahoo.com; Protocol: DNS; Working : KO; Ping: 1.3 ms
[15:19:56 1/8/2022]  Monitored: yahoo invalid dns -> Url: yahoo.com; Protocol: DNS; Working : KO; Ping: 1.5 ms
[15:19:59 1/8/2022]  Monitored: yahoo invalid dns -> Url: yahoo.com; Protocol: DNS; Working : KO; Ping: 1.4 ms
[15:27:41 1/8/2022]  Monitored: invalid -> Url: _ft.com; Protocol: HTTP; Expected Status: 200; Working : KO; Ping: 1.0 ms
[15:27:44 1/8/2022]  Monitored: invalid -> Url: _ft.com; Protocol: HTTP; Expected Status: 200; Working : KO; Ping: 0.3 ms
[15:27:47 1/8/2022]  Monitored: invalid -> Url: _ft.com; Protocol: HTTP; Expected Status: 200; Working : KO; Ping: 0.6 ms
[15:27:50 1/8/2022]  Monitored: invalid -> Url: _ft.com; Protocol: HTTP; Expected Status: 200; Working : KO; Ping: 0.3 ms
[15:27:54 1/8/2022]  Monitored: invalid -> Url: _ft.com; Protocol: HTTP; Expected Status: 200; Working : KO; Ping: 0.7 ms
[15:27:57 1/8/2022]  Monitored: invalid -> Url: _ft.com; Protocol: HTTP; Expected Status: 200; Working : KO; Ping: 0.4 ms
[15:29:44 1/8/2022]  Monitored: invalid -> Url: _ft.com; Protocol: HTTP; Expected Status: 200; Working : KO; Ping: 0.6 ms
[15:29:47 1/8/2022]  Monitored: invalid -> Url: _ft.com; Protocol: HTTP; Expected Status: 200; Working : KO; Ping: 0.3 ms
[15:37:19 1/8/2022]  Monitored: invalid -> Url: _ft.com; Protocol: HTTP; Expected Status: 200; Returned Status: 0; Working : KO; Ping: 0.7 ms
[15:37:22 1/8/2022]  Monitored: invalid -> Url: _ft.com; Protocol: HTTP; Expected Status: 200; Returned Status: 0; Working : KO; Ping: 1.6 ms
[15:37:25 1/8/2022]  Monitored: invalid -> Url: _ft.com; Protocol: HTTP; Expected Status: 200; Returned Status: 0; Working : KO; Ping: 0.6 ms
[15:37:28 1/8/2022]  Monitored: invalid -> Url: _ft.com; Protocol: HTTP; Expected Status: 200; Returned Status: 0; Working : KO; Ping: 0.4 ms
[15:37:31 1/8/2022]  Monitored: invalid -> Url: _ft.com; Protocol: HTTP; Expected Status: 200; Returned Status: 0; Working : KO; Ping: 0.6 ms
[15:37:34 1/8/2022]  Monitored: invalid -> Url: _ft.com; Protocol: HTTP; Expected Status: 200; Returned Status: 0; Working : KO; Ping: 0.4 ms
[15:37:37 1/8/2022]  Monitored: invalid -> Url: _ft.com; Protocol: HTTP; Expected Status: 200; Returned Status: 0; Working : KO; Ping: 0.6 ms
[15:40:29 1/8/2022]  Monitored: invalid -> Url: _ft.com; Protocol: HTTP; Expected Status: 200; Returned Status: 0; Working : KO Check the address of service and try again; Ping: 0.8 ms
[15:40:32 1/8/2022]  Monitored: invalid -> Url: _ft.com; Protocol: HTTP; Expected Status: 200; Returned Status: 0; Working : KO Check the address of service and try again; Ping: 0.3 ms
[15:40:35 1/8/2022]  Monitored: invalid -> Url: _ft.com; Protocol: HTTP; Expected Status: 200; Returned Status: 0; Working : KO Check the address of service and try again; Ping: 0.6 ms
[15:40:38 1/8/2022]  Monitored: invalid -> Url: _ft.com; Protocol: HTTP; Expected Status: 200; Returned Status: 0; Working : KO Check the address of service and try again; Ping: 0.4 ms
=======================[15:43:5 1/8/2022] 
Monitored: invalid
Url: _ft.com
Protocol: HTTP
Expected Status: 200
Returned Status: 0
Working : KO Check the address of service and try again
Ping: 0.6 ms
=======================
[15:44:3 1/8/2022] 
Monitored: invalid
Url: _ft.com
Protocol: HTTP
Expected Status: 200
Returned Status: 0
Working : KO Check the address of service and try again
Ping: 0.8 ms
=======================
[15:44:8 1/8/2022] 
Monitored: invalid
Url: _ft.com
Protocol: HTTP
Expected Status: 200
Returned Status: 0
Working : KO; Check the address of service and try again
Ping: 0.7 ms
=======================
[15:44:11 1/8/2022] 
Monitored: invalid
Url: _ft.com
Protocol: HTTP
Expected Status: 200
Returned Status: 0
Working : KO; Check the address of service and try again
Ping: 0.3 ms
=======================
Date: [16:10:18 1/8/2022] 
Monitored: invalid
Url: _ft.com
Protocol: HTTP
Expected Status: 200
Returned Status: 0
Working : KO; Check the address of service and try again
Ping: 0.8 ms
=======================
Date: [16:10:21 1/8/2022] 
Monitored: invalid
Url: _ft.com
Protocol: HTTP
Expected Status: 200
Returned Status: 0
Working : KO; Check the address of service and try again
Ping: 0.3 ms
=======================
Date: [16:10:29 1/8/2022] 
Monitored: invalid
Url: _ft.com
Protocol: HTTP
Expected Status: 200
Returned Status: 0
Working : KO; Check the address of service and try again
Ping: 0.7 ms
===========================
Date: [16:10:35 1/8/2022] 
Monitored: invalid
Url: _ft.com
Protocol: HTTP
Expected Status: 200
Returned Status: 0
Working : KO; Check the address of service and try again
Ping: 0.6 ms
===========================
Date: [16:10:38 1/8/2022] 
Monitored: invalid
Url: _ft.com
Protocol: HTTP
Expected Status: 200
Returned Status: 0
Working : KO; Check the address of service and try again
Ping: 0.4 ms
[16:17:52 1/8/2022]  Monitored: invalid -> Url: _ft.com; Protocol: HTTP; Expected Status: 200; Returned Status: 0; Working : KO; Ping: 1.6 ms
[16:17:55 1/8/2022]  Monitored: invalid -> Url: _ft.com; Protocol: HTTP; Expected Status: 200; Returned Status: 0; Working : KO; Ping: 0.4 ms
[16:17:58 1/8/2022]  Monitored: invalid -> Url: _ft.com; Protocol: HTTP; Expected Status: 200; Returned Status: 0; Working : KO; Ping: 1.0 ms
===========================
Date: [16:18:2 1/8/2022] 
Monitored: invalid
Url: _ft.com
Protocol: HTTP
Expected Status: 200
Returned Status: 0
Working : KO; Check the address of service and try again
Ping: 0.6 ms
===========================
Date: [16:18:5 1/8/2022] 
Monitored: invalid
Url: _ft.com
Protocol: HTTP
Expected Status: 200
Returned Status: 0
Working : KO; Check the address of service and try again
Ping: 1.1 ms
===========================
Date: [16:39:48 1/8/2022] 
Monitored: invalid
Url: _ft.com
Protocol: HTTP
Expected Status: 200
Returned Status: 0
Working : KO; Check the address of service and try again
Ping: 1.0 ms
===========================
Date: [16:39:51 1/8/2022] 
Monitored: invalid
Url: _ft.com
Protocol: HTTP
Expected Status: 200
Returned Status: 0
Working : KO; Check the address of service and try again
Ping: 0.6 ms
===========================
Date: [16:39:54 1/8/2022] 
Monitored: invalid
Url: _ft.com
Protocol: HTTP
Expected Status: 200
Returned Status: 0
Working : KO; Check the address of service and try again
Ping: 0.6 ms
[16:39:56 1/8/2022]  Monitored: invalid -> Url: _ft.com; Protocol: HTTP; Expected Status: 200; Returned Status: 0; Working : KO; Ping: 0.5 ms
[16:39:59 1/8/2022]  Monitored: invalid -> Url: _ft.com; Protocol: HTTP; Expected Status: 200; Returned Status: 0; Working : KO; Ping: 0.6 ms
===========================
===========================
===========================
Date: [16:43:53 1/8/2022] 
Monitored: invalid
Protocol: HTTP
Working : KO
===========================
Date: [16:43:56 1/8/2022] 
Monitored: invalid
Protocol: HTTP
Working : KO
===========================
Date: [16:43:59 1/8/2022] 
Monitored: invalid
Protocol: HTTP
Working : KO
===========================
Date: [16:51:51 1/8/2022] 
Monitored: invalid
Protocol: HTTP
Working : KO
===========================
Date: [16:51:54 1/8/2022] 
Monitored: invalid
Protocol: HTTP
Working : KO
===========================
Date: [16:51:57 1/8/2022] 
Monitored: invalid
Protocol: HTTP
Working : KO
===========================
Date: [16:52:0 1/8/2022] 
Monitored: invalid
Protocol: HTTP
Working : KO
[17:4:20 1/8/2022]  Monitored: youtube invalid ping -> Url: yu.tube; Ping : 0.0 ms
[17:4:23 1/8/2022]  Monitored: youtube invalid ping -> Url: yu.tube; Ping : 0.0 ms
[17:4:30 1/8/2022]  Monitored: youtube invalid ping -> Url: yu.tube; Ping : 0.0 ms
[17:4:33 1/8/2022]  Monitored: youtube invalid ping -> Url: yu.tube; Ping : 0.0 ms
===========================
Date: [17:6:2 1/8/2022] 
Monitored: youtube invalid ping
Url: yu.tube
Protocol: PING
Ping : 0.0 ms
Failed to resolve Ping with this service===========================
Date: [17:6:5 1/8/2022] 
Monitored: youtube invalid ping
Url: yu.tube
Protocol: PING
Ping : 0.0 ms
Failed to resolve Ping with this service===========================
Date: [17:6:39 1/8/2022] 
Monitored: youtube invalid ping
Url: yu.tube
Protocol: PING
Ping : 0.0 ms
Failed to resolve Ping with this service===========================
Date: [17:6:46 1/8/2022] 
Monitored: youtube invalid ping
Url: yu.tube
Protocol: PING
Ping : 0.0 ms
Failed to resolve Ping with this service
===========================
Date: [17:6:48 1/8/2022] 
Monitored: youtube invalid ping
Url: yu.tube
Protocol: PING
Ping : 0.0 ms
Failed to resolve Ping with this service
===========================
Date: [17:6:51 1/8/2022] 
Monitored: youtube invalid ping
Url: yu.tube
Protocol: PING
Ping : 0.0 ms
Failed to resolve Ping with this service
===========================
Date: [17:6:54 1/8/2022] 
Monitored: youtube invalid ping
Url: yu.tube
Protocol: PING
Ping : 0.0 ms
Failed to resolve Ping with this service
===========================
Date: [17:6:57 1/8/2022] 
Monitored: youtube invalid ping
Url: yu.tube
Protocol: PING
Ping : 0.0 ms
Failed to resolve Ping with this service
===========================
Date: [17:7:1 1/8/2022] 
Monitored: youtube invalid ping
Protocol: PING
Failed to resolve Ping with this service
===========================
Date: [17:7:4 1/8/2022] 
Monitored: youtube invalid ping
Protocol: PING
Failed to resolve Ping with this service
===========================
Date: [17:7:7 1/8/2022] 
Monitored: youtube invalid ping
Protocol: PING
Failed to resolve Ping with this service
[17:7:14 1/8/2022] ; Monitored: youtube invalid ping; Protocol: PING; Failed to resolve Ping with this service
[17:7:17 1/8/2022] ; Monitored: youtube invalid ping; Protocol: PING; Failed to resolve Ping with this service
[17:7:20 1/8/2022] ;Monitored: youtube invalid ping;Url: yu.tube;Protocol: PING;Ping : Failed;
[17:7:23 1/8/2022] ;Monitored: youtube invalid ping;Url: yu.tube;Protocol: PING;Ping : Failed;
[17:7:26 1/8/2022] ;Monitored: youtube invalid ping;Url: yu.tube;Protocol: PING;Ping : Failed;
[17:7:29 1/8/2022] ;Monitored: youtube invalid ping;Url: yu.tube;Protocol: PING;Ping : Failed;
[17:7:55 1/8/2022] ; Monitored: youtube invalid ping; Protocol: PING; Failed to resolve Ping with this service
[17:8:1 1/8/2022] ;Monitored: youtube invalid ping;Url: yu.tube;Protocol: PING;Ping : Failed;
[17:8:4 1/8/2022] ;Monitored: youtube invalid ping;Url: yu.tube;Protocol: PING;Ping : Failed;
[17:8:7 1/8/2022] ;Monitored: youtube invalid ping;Url: yu.tube;Protocol: PING;Ping : Failed;
[17:8:10 1/8/2022] ;Monitored: youtube invalid ping;Url: yu.tube;Protocol: PING;Ping : Failed;
[17:18:18 1/8/2022] ; Monitored: youtube invalid ping; Protocol: PING; Ping : Failed;
[17:18:21 1/8/2022] ; Monitored: youtube invalid ping; Protocol: PING; Ping : Failed;
[17:18:24 1/8/2022] ; Monitored: youtube invalid ping; Protocol: PING; Ping : Failed;
===========================
Date: [17:18:29 1/8/2022] 
Monitored: youtube invalid ping
Protocol: PING
Failed to resolve Ping with this service
===========================
Date: [17:18:32 1/8/2022] 
Monitored: youtube invalid ping
Protocol: PING
Failed to resolve Ping with this service
===========================
Date: [17:18:35 1/8/2022] 
Monitored: youtube invalid ping
Protocol: PING
Failed to resolve Ping with this service
===========================
Date: [17:18:38 1/8/2022] 
Monitored: youtube invalid ping
Url: yu.tube
Protocol: PING
Ping : 0.0 ms
Failed to resolve Ping with this service
===========================
Date: [17:18:41 1/8/2022] 
Monitored: youtube invalid ping
Url: yu.tube
Protocol: PING
Ping : 0.0 ms
Failed to resolve Ping with this service
===========================
Date: [17:18:44 1/8/2022] 
Monitored: youtube invalid ping
Url: yu.tube
Protocol: PING
Ping : 0.0 ms
Failed to resolve Ping with this service
[17:31:45 1/8/2022]  Monitored: yahoo invalid dns -> Url: yahoo.com; Protocol: DNS; Working : KO Service not found in DNS server '14.22.771.0'; Ping: Fail ms
[17:31:48 1/8/2022]  Monitored: yahoo invalid dns -> Url: yahoo.com; Protocol: DNS; Working : KO Service not found in DNS server '14.22.771.0'; Ping: Fail ms
[17:31:57 1/8/2022]  Monitored: yahoo invalid dns -> Protocol: DNS; Working : KO
[17:32:0 1/8/2022]  Monitored: yahoo invalid dns -> Protocol: DNS; Working : KO
===========================
Date: [17:32:5 1/8/2022]  Monitored: yahoo invalid dns
Protocol: DNS
Working : KO
===========================
Date: [17:32:8 1/8/2022]  Monitored: yahoo invalid dns
Protocol: DNS
Working : KO
===========================
Date: [17:32:11 1/8/2022]  Monitored: yahoo invalid dns
Protocol: DNS
Working : KO
===========================
Date: [17:32:16 1/8/2022]  Monitored: yahoo invalid dns
Url: yahoo.com
Protocol: DNS
Working : Service not found in DNS server '14.22.771.0'
Ping: Fail ms
===========================
Date: [17:32:19 1/8/2022]  Monitored: yahoo invalid dns
Url: yahoo.com
Protocol: DNS
Working : Service not found in DNS server '14.22.771.0'
Ping: Fail ms
===========================
Date: [17:32:22 1/8/2022]  Monitored: yahoo invalid dns
Url: yahoo.com
Protocol: DNS
Working : Service not found in DNS server '14.22.771.0'
Ping: Fail ms
