[15:29:54 1/8/2022]  Monitored: intra -> Url: intra.42.fr; Protocol: HTTP; Expected Status: 301; Working : OK Success; Ping: 39.2 ms
[15:29:54 1/8/2022]  Monitored: google -> Url: google.com; Protocol: HTTP; Expected Status: 301; Working : OK Success; Ping: 7.0 ms
[15:29:54 1/8/2022]  Monitored: game ping test -> Url: game.42sp.org.br; Protocol: PING; Working : OK Success; Ping: 3.0 ms
[15:29:54 1/8/2022]  Monitored: workspaces monitoring -> Url: workspaces.42sp.org.br; Protocol: PING; Working : OK Success; Ping: 1.9 ms
[15:29:54 1/8/2022]  Monitored: yahoo -> Url: yahoo.com; Protocol: DNS; Working : OK Success; Ping: 1.2 ms
[15:29:54 1/8/2022]  Monitored: google -> Url: google.com; Protocol: DNS; Working : OK Success; Ping: 1.3 ms
[15:34:34 1/8/2022]  Monitored: intra -> Url: intra.42.fr; Protocol: HTTP; Expected Status: 301; Working : OK Success; Ping: 39.3 ms
[15:34:34 1/8/2022]  Monitored: google -> Url: google.com; Protocol: HTTP; Expected Status: 301; Working : OK Success; Ping: 7.1 ms
[15:34:34 1/8/2022]  Monitored: game ping test -> Url: game.42sp.org.br; Ping : 1.2 ms
[15:34:34 1/8/2022]  Monitored: workspaces monitoring -> Url: workspaces.42sp.org.br; Ping : 1.9 ms
[15:34:34 1/8/2022]  Monitored: yahoo -> Url: yahoo.com; Protocol: DNS; Working : OK Success; Ping: 1.4 ms
[15:34:34 1/8/2022]  Monitored: google -> Url: google.com; Protocol: DNS; Working : OK Success; Ping: 2.1 ms
[15:34:49 1/8/2022]  Monitored: intra -> Url: intra.42.fr; Protocol: HTTP; Expected Status: 301; Working : OK Success; Ping: 39.2 ms
[15:34:49 1/8/2022]  Monitored: workspaces monitoring -> Url: workspaces.42sp.org.br; Ping : 1.3 ms
[15:34:54 1/8/2022]  Monitored: google -> Url: google.com; Protocol: HTTP; Expected Status: 301; Working : OK Success; Ping: 6.5 ms
[15:34:54 1/8/2022]  Monitored: game ping test -> Url: game.42sp.org.br; Ping : 2.3 ms
[15:34:54 1/8/2022]  Monitored: yahoo -> Url: yahoo.com; Protocol: DNS; Working : OK Success; Ping: 2.2 ms
[15:35:4 1/8/2022]  Monitored: google -> Url: google.com; Protocol: DNS; Working : OK Success; Ping: 2.9 ms
[15:35:5 1/8/2022]  Monitored: intra -> Url: intra.42.fr; Protocol: HTTP; Expected Status: 301; Working : OK Success; Ping: 39.1 ms
[15:35:5 1/8/2022]  Monitored: workspaces monitoring -> Url: workspaces.42sp.org.br; Ping : 1.9 ms
[15:48:42 1/8/2022]  Monitored: game ping test -> Url: game.42sp.org.br; Ping : 3.3 ms
[15:48:42 1/8/2022]  Monitored: workspaces monitoring -> Url: workspaces.42sp.org.br; Ping : 1.9 ms
[15:48:42 1/8/2022]  Monitored: yahoo -> Url: yahoo.com; Protocol: DNS; Working : OK Success; Ping: 1.6 ms
[15:48:42 1/8/2022]  Monitored: google -> Url: google.com; Protocol: DNS; Working : OK Success; Ping: 1.3 ms
[15:49:2 1/8/2022]  Monitored: yahoo -> Url: yahoo.com; Protocol: DNS; Working : OK Success; Ping: 1.3 ms
[15:49:2 1/8/2022]  Monitored: google -> Url: google.com; Protocol: DNS; Working : OK Success; Ping: 1.3 ms
[15:49:21 1/8/2022]  Monitored: yahoo -> Url: yahoo.com; Protocol: DNS; Working : OK Success; Ping: 1.3 ms
[15:49:21 1/8/2022]  Monitored: google -> Url: google.com; Protocol: DNS; Working : OK Success; Ping: 1.3 ms
[15:49:41 1/8/2022]  Monitored: yahoo -> Url: yahoo.com; Protocol: DNS; Working : OK Success; Ping: 2.1 ms
[15:49:51 1/8/2022]  Monitored: google -> Url: google.com; Protocol: DNS; Working : OK Success; Ping: 1.5 ms
[15:50:1 1/8/2022]  Monitored: yahoo -> Url: yahoo.com; Protocol: DNS; Working : OK Success; Ping: 1.9 ms
[15:50:33 1/8/2022] 
Monitored: yahoo -> Url: yahoo.com; Protocol: DNS; Working : OK Success; Ping: 1.2 ms
[15:50:33 1/8/2022] 
Monitored: google -> Url: google.com; Protocol: DNS; Working : OK Success; Ping: 1.3 ms
[15:50:55 1/8/2022]  Monitored: yahoo -> Url: yahoo.com; Protocol: DNS; Working : OK Success; Ping: 1.2 ms
[15:50:55 1/8/2022]  Monitored: google -> Url: google.com; Protocol: DNS; Working : OK Success; Ping: 1.3 ms
[15:51:15 1/8/2022]  Monitored: yahoo -> Url: yahoo.com; Protocol: DNS; Working : OK Success; Ping: 1.4 ms
[15:51:25 1/8/2022]  Monitored: google -> Url: google.com; Protocol: DNS; Working : OK Success; Ping: 2.0 ms
[16:7:45 1/8/2022]  Monitored: intra -> Url: intra.42.fr; Protocol: HTTP; Expected Status: 301; Working : OK Success; Ping: 39.5 ms
[16:7:45 1/8/2022]  Monitored: google -> Url: google.com; Protocol: HTTP; Expected Status: 301; Working : OK Success; Ping: 8.0 ms
[16:7:45 1/8/2022]  Monitored: game ping test -> Url: game.42sp.org.br; Ping : 3.6 ms
[16:7:45 1/8/2022]  Monitored: workspaces monitoring -> Url: workspaces.42sp.org.br; Ping : 2.8 ms
[16:7:45 1/8/2022]  Monitored: yahoo -> Url: yahoo.com; Protocol: DNS; Working : OK Success; Ping: 1.2 ms
[16:7:45 1/8/2022]  Monitored: google -> Url: google.com; Protocol: DNS; Working : OK Success; Ping: 1.3 ms
[16:40:15 1/8/2022]  Monitored: intra -> Url: intra.42.fr; Protocol: HTTP; Expected Status: 301; Returned Status: 301; Working : OK Success; Ping: 40.2 ms
[16:40:15 1/8/2022]  Monitored: google -> Url: google.com; Protocol: HTTP; Expected Status: 301; Returned Status: 301; Working : OK Success; Ping: 7.0 ms
[16:40:30 1/8/2022]  Monitored: intra -> Url: intra.42.fr; Protocol: HTTP; Expected Status: 301; Returned Status: 301; Working : OK Success; Ping: 39.1 ms
Date: [16:40:38 1/8/2022] 
Monitored: intra
Url: intra.42.fr
Protocol: HTTP
Expected Status: 301
Returned Status: 301
Working : [32mOK; 
Ping: 39.1 ms
Date: [16:40:38 1/8/2022] 
Monitored: google
Url: google.com
Protocol: HTTP
Expected Status: 301
Returned Status: 301
Working : [32mOK; 
Ping: 6.4 ms
===========================
Date: [16:41:16 1/8/2022] 
Monitored: intra
Url: intra.42.fr
Protocol: HTTP
Expected Status: 301
Returned Status: 301
Working : [32mOK; 
Ping: 38.9 ms
===========================
Date: [16:41:16 1/8/2022] 
Monitored: google
Url: google.com
Protocol: HTTP
Expected Status: 301
Returned Status: 301
Working : [32mOK; 
Ping: 6.5 ms
===========================
Date: [16:41:53 1/8/2022] 
Monitored: intra
Url: intra.42.fr
Protocol: HTTP
Expected Status: 301
Returned Status: 301
Working : [32mOK; 
Ping: 39.1 ms
===========================
Date: [16:41:53 1/8/2022] 
Monitored: google
Url: google.com
Protocol: HTTP
Expected Status: 301
Returned Status: 301
Working : [32mOK; 
Ping: 6.3 ms
===========================
Date: [16:42:9 1/8/2022] 
Monitored: intra
Url: intra.42.fr
Protocol: HTTP
Expected Status: 301
Returned Status: 301
Working : [32mOK; 
Ping: 38.9 ms
===========================
Date: [16:43:13 1/8/2022] 
Monitored: intra
Url: intra.42.fr
Protocol: HTTP
Expected Status: 301
Returned Status: 301
Working : OK Success; 
Ping: 39.9 ms
===========================
Date: [16:43:14 1/8/2022] 
Monitored: google
Url: google.com
Protocol: HTTP
Expected Status: 301
Returned Status: 301
Working : OK Success; 
Ping: 6.7 ms
===========================
Date: [16:43:26 1/8/2022] 
Monitored: intra
Protocol: HTTP
Working : OK Success
===========================
Date: [16:43:26 1/8/2022] 
Monitored: google
Protocol: HTTP
Working : OK Success
===========================
Date: [16:43:41 1/8/2022] 
Monitored: intra
Protocol: HTTP
Working : OK Success
===========================
Date: [16:52:6 1/8/2022] 
Monitored: intra
Protocol: HTTP
Working : OK Success
===========================
Date: [16:52:6 1/8/2022] 
Monitored: google
Protocol: HTTP
Working : OK Success
===========================
Date: [16:52:19 1/8/2022] 
Monitored: intra
Url: intra.42.fr
Protocol: HTTP
Expected Status: 301
Returned Status: 301
Working : OK Success; 
Ping: 39.4 ms
===========================
Date: [16:52:19 1/8/2022] 
Monitored: google
Url: google.com
Protocol: HTTP
Expected Status: 301
Returned Status: 301
Working : OK Success; 
Ping: 6.3 ms
[16:52:25 1/8/2022]  Monitored: intra -> Url: intra.42.fr; Protocol: HTTP; Expected Status: 301; Returned Status: 301; Working : [32mOK; Ping: 39.7 ms
[16:52:25 1/8/2022]  Monitored: google -> Url: google.com; Protocol: HTTP; Expected Status: 301; Returned Status: 301; Working : [32mOK; Ping: 6.3 ms
===========================
Date: [17:19:2 1/8/2022] 
Monitored: game ping test
Url: game.42sp.org.br
Protocol: PING
Ping : 3.0 ms
===========================
Date: [17:19:2 1/8/2022] 
Monitored: workspaces monitoring
Url: workspaces.42sp.org.br
Protocol: PING
Ping : 2.2 ms
===========================
Date: [17:19:23 1/8/2022] 
Monitored: game ping test
Url: game.42sp.org.br
Protocol: PING
Ping : 1.3 ms
===========================
Date: [17:19:23 1/8/2022] 
Monitored: workspaces monitoring
Url: workspaces.42sp.org.br
Protocol: PING
Ping : 1.2 ms
===========================
Date: [17:19:27 1/8/2022] 
Monitored: game ping test
Url: game.42sp.org.br
Protocol: PING
Ping : 1.3 ms
===========================
Date: [17:19:29 1/8/2022] 
Monitored: workspaces monitoring
Url: workspaces.42sp.org.br
Protocol: PING
Ping : 1.2 ms
===========================
Date: [17:19:31 1/8/2022] 
Monitored: game ping test
Url: game.42sp.org.br
Protocol: PING
Ping : 1.3 ms
===========================
Date: [17:19:34 1/8/2022] 
Monitored: game ping test
Ping : 1.5 ms
===========================
Date: [17:19:34 1/8/2022] 
Monitored: workspaces monitoring
Ping : 1.6 ms
===========================
Date: [17:19:38 1/8/2022] 
Monitored: game ping test
Ping : 1.3 ms
===========================
Date: [17:19:40 1/8/2022] 
Monitored: workspaces monitoring
Ping : 1.3 ms
[17:19:43 1/8/2022] ; Monitored: game ping test; Url: game.42sp.org.br; Protocol: PING; Ping : 1.0;
[17:19:43 1/8/2022] ; Monitored: workspaces monitoring; Url: workspaces.42sp.org.br; Protocol: PING; Ping : 1.0;
[17:19:47 1/8/2022] ; Monitored: game ping test; Url: game.42sp.org.br; Protocol: PING; Ping : 1.2;
[17:32:41 1/8/2022]  Monitored: yahoo -> Url: yahoo.com; Protocol: DNS; Working : OK; Ping: 1.3 ms
[17:32:41 1/8/2022]  Monitored: google -> Url: google.com; Protocol: DNS; Working : OK; Ping: 1.2 ms
[17:32:55 1/8/2022]  Monitored: yahoo -> Url: yahoo.com; Protocol: DNS; Working : OK; Ping: 1.2 ms
[17:32:55 1/8/2022]  Monitored: google -> Url: google.com; Protocol: DNS; Working : OK; Ping: 6.8 ms
[17:32:58 1/8/2022]  Monitored: google -> Url: google.com; Protocol: DNS; Working : OK; Ping: 1.2 ms
[17:32:59 1/8/2022]  Monitored: yahoo -> Url: yahoo.com; Protocol: DNS; Working : OK; Ping: 1.2 ms
[17:33:1 1/8/2022]  Monitored: google -> Url: google.com; Protocol: DNS; Working : OK; Ping: 1.7 ms
[17:33:3 1/8/2022]  Monitored: yahoo -> Url: yahoo.com; Protocol: DNS; Working : OK; Ping: 1.7 ms
[17:33:4 1/8/2022]  Monitored: google -> Url: google.com; Protocol: DNS; Working : OK; Ping: 1.6 ms
[17:33:7 1/8/2022]  Monitored: yahoo -> Protocol: DNS; Working : OK;
[17:33:7 1/8/2022]  Monitored: google -> Protocol: DNS; Working : OK;
[17:33:10 1/8/2022]  Monitored: google -> Protocol: DNS; Working : OK;
===========================
Date: [17:33:14 1/8/2022]  Monitored: yahoo
Protocol: DNS
Working : OK
===========================
Date: [17:33:14 1/8/2022]  Monitored: google
Protocol: DNS
Working : OK
===========================
Date: [17:33:17 1/8/2022]  Monitored: google
Protocol: DNS
Working : OK
===========================
Date: [17:33:18 1/8/2022]  Monitored: yahoo
Protocol: DNS
Working : OK
===========================
Date: [17:33:20 1/8/2022]  Monitored: google
Protocol: DNS
Working : OK
===========================
Date: [17:33:26 1/8/2022] 
Monitored: yahoo
Url: yahoo.com
Protocol: DNS
Working : OK
Ping: 1.2 ms
===========================
Date: [17:33:26 1/8/2022] 
Monitored: google
Url: google.com
Protocol: DNS
Working : OK
Ping: 1.5 ms
===========================
Date: [17:33:29 1/8/2022] 
Monitored: google
Url: google.com
Protocol: DNS
Working : OK
Ping: 1.9 ms
===========================
Date: [17:33:30 1/8/2022] 
Monitored: yahoo
Url: yahoo.com
Protocol: DNS
Working : OK
Ping: 2.1 ms
===========================
Date: [17:52:59 1/8/2022] 
Monitored: intra
Url: intra.42.fr
Protocol: HTTP
Expected Status: 301
Returned Status: 301
Working : OK Success; 
Ping: 39.3 ms
===========================
Date: [17:52:59 1/8/2022] 
Monitored: google
Url: google.com
Protocol: HTTP
Expected Status: 301
Returned Status: 301
Working : OK Success; 
Ping: 7.8 ms
===========================
Date: [17:52:59 1/8/2022] 
Monitored: game ping test
Url: game.42sp.org.br
Protocol: PING
Ping : 2.5 ms
===========================
Date: [17:52:59 1/8/2022] 
Monitored: workspaces monitoring
Url: workspaces.42sp.org.br
Protocol: PING
Ping : 2.8 ms
===========================
Date: [17:52:59 1/8/2022] 
Monitored: yahoo
Url: yahoo.com
Protocol: DNS
Working : OK
Ping: 1.2 ms
===========================
Date: [17:52:59 1/8/2022] 
Monitored: google
Url: google.com
Protocol: DNS
Working : OK
Ping: 1.3 ms
[9:40:53 2/8/2022]  Monitored: intra -> Protocol: HTTP; Working : [32mOK
[9:40:53 2/8/2022]  Monitored: google -> Protocol: HTTP; Working : [32mOK
[9:40:53 2/8/2022] ; Monitored: game ping test; Ping : 3.0;
[9:40:53 2/8/2022] ; Monitored: workspaces monitoring; Ping : 1.9;
[9:40:53 2/8/2022]  Monitored: yahoo -> Protocol: DNS; Working : OK;
[9:40:53 2/8/2022]  Monitored: google -> Protocol: DNS; Working : OK;
[9:40:57 2/8/2022]  Monitored: intra -> Protocol: HTTP; Working : [32mOK
[9:40:57 2/8/2022]  Monitored: google -> Protocol: HTTP; Working : [32mOK
[9:40:57 2/8/2022] ; Monitored: game ping test; Ping : 1.5;
[9:40:57 2/8/2022] ; Monitored: workspaces monitoring; Ping : 1.3;
[9:40:57 2/8/2022]  Monitored: yahoo -> Protocol: DNS; Working : OK;
[9:40:58 2/8/2022]  Monitored: google -> Protocol: DNS; Working : OK;
[9:41:31 2/8/2022]  Monitored: intra -> Protocol: HTTP; Working : [32mOK
[9:41:31 2/8/2022]  Monitored: google -> Protocol: HTTP; Working : [32mOK
[9:41:31 2/8/2022] ; Monitored: game ping test; Ping : 1.2;
[9:41:31 2/8/2022] ; Monitored: workspaces monitoring; Ping : 1.1;
[9:41:31 2/8/2022]  Monitored: yahoo -> Protocol: DNS; Working : OK;
[9:41:31 2/8/2022]  Monitored: google -> Protocol: DNS; Working : OK;
[9:41:36 2/8/2022]  Monitored: intra -> Protocol: HTTP; Working : [32mOK
[9:41:36 2/8/2022]  Monitored: google -> Protocol: HTTP; Working : [32mOK
[9:41:36 2/8/2022] ; Monitored: game ping test; Ping : 1.4;
[9:41:36 2/8/2022] ; Monitored: workspaces monitoring; Ping : 1.5;
[9:41:36 2/8/2022]  Monitored: yahoo -> Protocol: DNS; Working : OK;
[9:41:36 2/8/2022]  Monitored: google -> Protocol: DNS; Working : OK;
[9:42:1 2/8/2022]  Monitored: intra -> Protocol: HTTP; Working : [32mOK
[9:42:1 2/8/2022]  Monitored: google -> Protocol: HTTP; Working : [32mOK
[9:42:1 2/8/2022] ; Monitored: game ping test; Ping : 1.5;
[9:42:1 2/8/2022] ; Monitored: workspaces monitoring; Ping : 1.3;
[9:42:1 2/8/2022]  Monitored: yahoo -> Protocol: DNS; Working : OK;
[9:42:1 2/8/2022]  Monitored: google -> Protocol: DNS; Working : OK;
[9:42:18 2/8/2022]  Monitored: intra -> Protocol: HTTP; Working : [32mOK
[9:42:18 2/8/2022]  Monitored: google -> Protocol: HTTP; Working : [32mOK
[9:42:18 2/8/2022] ; Monitored: game ping test; Ping : 1.6;
[9:42:18 2/8/2022] ; Monitored: workspaces monitoring; Ping : 1.6;
[9:42:18 2/8/2022]  Monitored: yahoo -> Protocol: DNS; Working : OK;
[9:42:18 2/8/2022]  Monitored: google -> Protocol: DNS; Working : OK;
[9:45:58 2/8/2022]  Monitored: intra -> Protocol: HTTP; Working : [32mOK
[9:45:58 2/8/2022]  Monitored: google -> Protocol: HTTP; Working : [32mOK
[9:45:58 2/8/2022] ; Monitored: game ping test; Ping : 2.5;
[9:45:58 2/8/2022] ; Monitored: workspaces monitoring; Ping : 2.1;
[9:45:58 2/8/2022]  Monitored: yahoo -> Protocol: DNS; Working : OK;
[9:45:58 2/8/2022]  Monitored: google -> Protocol: DNS; Working : OK;
[9:51:26 2/8/2022] ; Monitored: game ping test; Url: game.42sp.org.br; Protocol: PING; Ping : 2.5;
[9:51:26 2/8/2022] ; Monitored: workspaces monitoring; Url: workspaces.42sp.org.br; Protocol: PING; Ping : 1.9;
[9:51:26 2/8/2022]  Monitored: yahoo -> Url: yahoo.com; Protocol: DNS; Working : OK; Ping: 1.2 ms
[9:51:26 2/8/2022]  Monitored: google -> Url: google.com; Protocol: DNS; Working : OK; Ping: 1.7 ms
[9:51:44 2/8/2022]  Monitored: yahoo -> Url: yahoo.com; Protocol: DNS; Working : OK; Ping: 1.3 ms
[9:51:44 2/8/2022]  Monitored: google -> Url: google.com; Protocol: DNS; Working : OK; Ping: 2.8 ms
[9:51:48 2/8/2022]  Monitored: google -> Url: google.com; Protocol: DNS; Working : OK; Ping: 1.3 ms
[9:51:48 2/8/2022]  Monitored: yahoo -> Url: yahoo.com; Protocol: DNS; Working : OK; Ping: 1.3 ms
[9:51:51 2/8/2022]  Monitored: google -> Url: google.com; Protocol: DNS; Working : OK; Ping: 1.4 ms
[9:55:5 2/8/2022]  Monitored: intra -> Url: intra.42.fr; Protocol: HTTP; Expected Status: 301; Returned Status: 301; Working : [32mOK; Ping: 39.5 ms
[9:55:5 2/8/2022]  Monitored: google -> Url: google.com; Protocol: HTTP; Expected Status: 301; Returned Status: 301; Working : [32mOK; Ping: 6.9 ms
[9:55:5 2/8/2022] ; Monitored: game ping test; Url: game.42sp.org.br; Protocol: PING; Ping : 1.4;
[9:55:5 2/8/2022] ; Monitored: workspaces monitoring; Url: workspaces.42sp.org.br; Protocol: PING; Ping : 1.3;
[9:55:5 2/8/2022]  Monitored: yahoo -> Url: yahoo.com; Protocol: DNS; Working : OK; Ping: 1.2 ms
[9:55:5 2/8/2022]  Monitored: google -> Url: google.com; Protocol: DNS; Working : OK; Ping: 2.0 ms
[10:28:1 2/8/2022]  Monitored: yahoo -> Protocol: DNS; Working : OK;
[10:28:1 2/8/2022]  Monitored: google -> Protocol: DNS; Working : OK;
[10:28:4 2/8/2022]  Monitored: google -> Protocol: DNS; Working : OK;
[10:28:5 2/8/2022]  Monitored: yahoo -> Protocol: DNS; Working : OK;
[10:28:6 2/8/2022]  Monitored: yahoo -> Url: yahoo.com; Protocol: DNS; Working : OK; Ping: 1.2 ms
[10:28:6 2/8/2022]  Monitored: google -> Url: google.com; Protocol: DNS; Working : OK; Ping: 1.5 ms
[10:28:12 2/8/2022]  Monitored: yahoo -> Url: yahoo.com; Protocol: DNS; Working : OK; Ping: 1.2 ms
[10:28:12 2/8/2022]  Monitored: google -> Url: google.com; Protocol: DNS; Working : OK; Ping: 1.3 ms
[10:28:48 2/8/2022]  Monitored: yahoo -> Url: yahoo.com; Protocol: DNS; Working : OK; Ping: 1.2 ms
[10:28:48 2/8/2022]  Monitored: google -> Url: google.com; Protocol: DNS; Working : OK; Ping: 1.4 ms
===========================
Date: [10:34:45 2/8/2022] 
Monitored: intra
Url: intra.42.fr
Protocol: HTTP
Expected Status: 301
Returned Status: 301
Working : OK Success; 
Ping: 39.0 ms
===========================
Date: [10:34:45 2/8/2022] 
Monitored: google
Url: google.com
Protocol: HTTP
Expected Status: 301
Returned Status: 301
Working : OK Success; 
Ping: 7.0 ms
===========================
Date: [10:34:45 2/8/2022] 
Monitored: game ping test
Url: game.42sp.org.br
Protocol: PING
Ping : 2.6 ms
===========================
Date: [10:34:45 2/8/2022] 
Monitored: workspaces monitoring
Url: workspaces.42sp.org.br
Protocol: PING
Ping : 2.2 ms
===========================
Date: [10:34:45 2/8/2022] 
Monitored: yahoo
Url: yahoo.com
Protocol: DNS
Working : OK
Ping: 2.0 ms
===========================
Date: [10:34:45 2/8/2022] 
Monitored: google
Url: google.com
Protocol: DNS
Working : OK
Ping: 1.5 ms
===========================
Date: [10:34:48 2/8/2022] 
Monitored: google
Url: google.com
Protocol: DNS
Working : OK
Ping: 1.2 ms
===========================
Date: [10:34:49 2/8/2022] 
Monitored: game ping test
Url: game.42sp.org.br
Protocol: PING
Ping : 1.2 ms
===========================
Date: [10:34:49 2/8/2022] 
Monitored: yahoo
Url: yahoo.com
Protocol: DNS
Working : OK
Ping: 1.4 ms
[10:34:54 2/8/2022]  Monitored: intra -> Url: intra.42.fr; Protocol: HTTP; Expected Status: 301; Returned Status: 301; Working : [32mOK; Ping: 39.1 ms
[10:34:54 2/8/2022]  Monitored: google -> Url: google.com; Protocol: HTTP; Expected Status: 301; Returned Status: 301; Working : [32mOK; Ping: 6.3 ms
[10:34:54 2/8/2022] ; Monitored: game ping test; Url: game.42sp.org.br; Protocol: PING; Ping : 1.4;
[10:34:54 2/8/2022] ; Monitored: workspaces monitoring; Url: workspaces.42sp.org.br; Protocol: PING; Ping : 1.2;
[10:34:54 2/8/2022]  Monitored: yahoo -> Url: yahoo.com; Protocol: DNS; Working : OK; Ping: 1.3 ms
[10:34:54 2/8/2022]  Monitored: google -> Url: google.com; Protocol: DNS; Working : OK; Ping: 1.2 ms
[10:35:34 2/8/2022]  Monitored: intra -> Url: intra.42.fr; Protocol: HTTP; Expected Status: 301; Returned Status: 301; Working : [32mOK; Ping: 38.9 ms
[10:35:34 2/8/2022]  Monitored: google -> Url: google.com; Protocol: HTTP; Expected Status: 301; Returned Status: 301; Working : [32mOK; Ping: 6.2 ms
[10:35:34 2/8/2022] ; Monitored: game ping test; Url: game.42sp.org.br; Protocol: PING; Ping : 1.4;
[10:35:34 2/8/2022] ; Monitored: workspaces monitoring; Url: workspaces.42sp.org.br; Protocol: PING; Ping : 1.8;
[10:35:34 2/8/2022]  Monitored: yahoo -> Url: yahoo.com; Protocol: DNS; Working : OK; Ping: 1.3 ms
[10:35:34 2/8/2022]  Monitored: google -> Url: google.com; Protocol: DNS; Working : OK; Ping: 1.2 ms
[10:36:0 2/8/2022]  Monitored: intra -> Url: intra.42.fr; Protocol: HTTP; Expected Status: 301; Returned Status: 301; Working : [32mOK; Ping: 39.2 ms
[10:36:1 2/8/2022]  Monitored: google -> Url: google.com; Protocol: HTTP; Expected Status: 301; Returned Status: 301; Working : [32mOK; Ping: 6.1 ms
[10:36:1 2/8/2022] ; Monitored: game ping test; Url: game.42sp.org.br; Protocol: PING; Ping : 1.3;
[10:36:1 2/8/2022] ; Monitored: workspaces monitoring; Url: workspaces.42sp.org.br; Protocol: PING; Ping : 1.4;
[10:36:1 2/8/2022]  Monitored: yahoo -> Url: yahoo.com; Protocol: DNS; Working : OK; Ping: 1.3 ms
[10:36:1 2/8/2022]  Monitored: google -> Url: google.com; Protocol: DNS; Working : OK; Ping: 2.5 ms
[10:42:57 2/8/2022]  Monitored: intra -> Url: intra.42.fr; Protocol: HTTP; Expected Status: 301; Returned Status: 301; Working : [32mOK; Ping: 39.2 ms
[10:42:57 2/8/2022]  Monitored: google -> Url: google.com; Protocol: HTTP; Expected Status: 301; Returned Status: 301; Working : [32mOK; Ping: 6.7 ms
[10:42:57 2/8/2022] ; Monitored: game ping test; Url: game.42sp.org.br; Protocol: PING; Ping : 4.0;
[10:42:57 2/8/2022] ; Monitored: workspaces monitoring; Url: workspaces.42sp.org.br; Protocol: PING; Ping : 2.5;
[10:42:57 2/8/2022]  Monitored: yahoo -> Url: yahoo.com; Protocol: DNS; Working : OK; Ping: 1.3 ms
[10:42:57 2/8/2022]  Monitored: google -> Url: google.com; Protocol: DNS; Working : OK; Ping: 1.3 ms
[10:43:6 2/8/2022]  Monitored: intra -> Url: intra.42.fr; Protocol: HTTP; Expected Status: 301; Returned Status: 301; Working : [32mOK; Ping: 39.4 ms
[10:43:6 2/8/2022]  Monitored: google -> Url: google.com; Protocol: HTTP; Expected Status: 301; Returned Status: 301; Working : [32mOK; Ping: 6.4 ms
[10:43:6 2/8/2022] ; Monitored: game ping test; Url: game.42sp.org.br; Protocol: PING; Ping : 1.4;
[10:43:6 2/8/2022] ; Monitored: workspaces monitoring; Url: workspaces.42sp.org.br; Protocol: PING; Ping : 1.3;
[10:43:6 2/8/2022]  Monitored: yahoo -> Url: yahoo.com; Protocol: DNS; Working : OK; Ping: 2.1 ms
[10:43:6 2/8/2022]  Monitored: google -> Url: google.com; Protocol: DNS; Working : OK; Ping: 1.5 ms
[10:43:17 2/8/2022]  Monitored: intra -> Url: intra.42.fr; Protocol: HTTP; Expected Status: 301; Returned Status: 301; Working : [32mOK; Ping: 39.0 ms
[10:43:17 2/8/2022]  Monitored: google -> Url: google.com; Protocol: HTTP; Expected Status: 301; Returned Status: 301; Working : [32mOK; Ping: 6.4 ms
[10:43:17 2/8/2022] ; Monitored: game ping test; Url: game.42sp.org.br; Protocol: PING; Ping : 1.5;
[10:43:17 2/8/2022] ; Monitored: workspaces monitoring; Url: workspaces.42sp.org.br; Protocol: PING; Ping : 1.8;
[10:43:17 2/8/2022]  Monitored: yahoo -> Url: yahoo.com; Protocol: DNS; Working : OK; Ping: 1.8 ms
[10:43:17 2/8/2022]  Monitored: google -> Url: google.com; Protocol: DNS; Working : OK; Ping: 1.4 ms
[10:45:29 2/8/2022]  Monitored: intra -> Url: intra.42.fr; Protocol: HTTP; Expected Status: 301; Returned Status: 301; Working : [32mOK; Ping: 39.1 ms
[10:45:29 2/8/2022]  Monitored: google -> Url: google.com; Protocol: HTTP; Expected Status: 301; Returned Status: 301; Working : [32mOK; Ping: 6.6 ms
[10:45:29 2/8/2022] ; Monitored: game ping test; Url: game.42sp.org.br; Protocol: PING; Ping : 2.2;
[10:45:29 2/8/2022] ; Monitored: workspaces monitoring; Url: workspaces.42sp.org.br; Protocol: PING; Ping : 1.5;
[10:45:29 2/8/2022]  Monitored: yahoo -> Url: yahoo.com; Protocol: DNS; Working : OK; Ping: 1.3 ms
[10:45:29 2/8/2022]  Monitored: google -> Url: google.com; Protocol: DNS; Working : OK; Ping: 1.5 ms
[10:46:44 2/8/2022]  Monitored: intra -> Url: intra.42.fr; Protocol: HTTP; Expected Status: 301; Returned Status: 301; Working : [32mOK; Ping: 39.2 ms
[10:46:45 2/8/2022]  Monitored: google -> Url: google.com; Protocol: HTTP; Expected Status: 301; Returned Status: 301; Working : [32mOK; Ping: 6.7 ms
[10:46:45 2/8/2022] ; Monitored: game ping test; Url: game.42sp.org.br; Protocol: PING; Ping : 1.5;
[10:46:45 2/8/2022] ; Monitored: workspaces monitoring; Url: workspaces.42sp.org.br; Protocol: PING; Ping : 1.2;
[10:46:45 2/8/2022]  Monitored: yahoo -> Url: yahoo.com; Protocol: DNS; Working : OK; Ping: 1.3 ms
[10:46:45 2/8/2022]  Monitored: google -> Url: google.com; Protocol: DNS; Working : OK; Ping: 1.4 ms
[10:48:0 2/8/2022]  Monitored: intra -> Url: intra.42.fr; Protocol: HTTP; Expected Status: 301; Returned Status: 301; Working : [32mOK; Ping: 39.3 ms
[10:48:0 2/8/2022]  Monitored: google -> Url: google.com; Protocol: HTTP; Expected Status: 301; Returned Status: 301; Working : [32mOK; Ping: 6.7 ms
[10:48:0 2/8/2022] ; Monitored: game ping test; Url: game.42sp.org.br; Protocol: PING; Ping : 3.5;
[10:48:0 2/8/2022] ; Monitored: workspaces monitoring; Url: workspaces.42sp.org.br; Protocol: PING; Ping : 3.4;
[10:48:0 2/8/2022]  Monitored: yahoo -> Url: yahoo.com; Protocol: DNS; Working : OK; Ping: 1.3 ms
[10:48:0 2/8/2022]  Monitored: google -> Url: google.com; Protocol: DNS; Working : OK; Ping: 1.5 ms
[10:48:24 2/8/2022]  Monitored: intra -> Url: intra.42.fr; Protocol: HTTP; Expected Status: 301; Returned Status: 301; Working : [32mOK; Ping: 39.0 ms
[10:48:24 2/8/2022]  Monitored: google -> Url: google.com; Protocol: HTTP; Expected Status: 301; Returned Status: 301; Working : [32mOK; Ping: 6.2 ms
[10:48:24 2/8/2022] ; Monitored: game ping test; Url: game.42sp.org.br; Protocol: PING; Ping : 1.3;
[10:48:24 2/8/2022] ; Monitored: workspaces monitoring; Url: workspaces.42sp.org.br; Protocol: PING; Ping : 1.5;
[10:48:24 2/8/2022]  Monitored: yahoo -> Url: yahoo.com; Protocol: DNS; Working : OK; Ping: 2.4 ms
[10:48:24 2/8/2022]  Monitored: google -> Url: google.com; Protocol: DNS; Working : OK; Ping: 1.7 ms
===========================
Date: [10:49:26 2/8/2022] 
Monitored: game ping test
Url: game.42sp.org.br
Protocol: PING
Ping : 1.4 ms
===========================
Date: [10:49:26 2/8/2022] 
Monitored: workspaces monitoring
Url: workspaces.42sp.org.br
Protocol: PING
Ping : 1.2 ms
===========================
Date: [10:49:26 2/8/2022] 
Monitored: yahoo
Url: yahoo.com
Protocol: DNS
Working : OK
Ping: 1.3 ms
===========================
Date: [10:49:26 2/8/2022] 
Monitored: google
Url: google.com
Protocol: DNS
Working : OK
Ping: 1.1 ms
===========================
Date: [10:50:0 2/8/2022] 
Monitored: game ping test
Url: game.42sp.org.br
Protocol: PING
Ping : 1.3 ms
===========================
Date: [10:50:0 2/8/2022] 
Monitored: workspaces monitoring
Url: workspaces.42sp.org.br
Protocol: PING
Ping : 1.3 ms
===========================
Date: [10:50:0 2/8/2022] 
Monitored: yahoo
Url: yahoo.com
Protocol: DNS
Working : OK
Ping: 1.3 ms
===========================
Date: [10:50:0 2/8/2022] 
Monitored: google
Url: google.com
Protocol: DNS
Working : OK
Ping: 1.3 ms
===========================
Date: [10:50:41 2/8/2022] 
Monitored: game ping test
Url: game.42sp.org.br
Protocol: PING
Ping : 1.5 ms
===========================
Date: [10:50:41 2/8/2022] 
Monitored: workspaces monitoring
Url: workspaces.42sp.org.br
Protocol: PING
Ping : 1.4 ms
===========================
Date: [10:50:41 2/8/2022] 
Monitored: yahoo
Url: yahoo.com
Protocol: DNS
Working : OK
Ping: 1.9 ms
===========================
Date: [10:50:41 2/8/2022] 
Monitored: google
Url: google.com
Protocol: DNS
Working : OK
Ping: 1.4 ms
